<?xml version="1.0" encoding="utf-8"?>
<!DOCTYPE coverage SYSTEM "http://cobertura.sourceforge.net/xml/coverage-04.dtd">
<coverage line-rate="0.193989071038251" branch-rate="0.0809968847352025" lines-covered="497" lines-valid="2562" branches-covered="52" branches-valid="642" complexity="893" version="0" timestamp="1731702483">
  <sources>
    <source>C:\</source>
    <source>D:\likhit_to_main\</source>
  </sources>
  <packages>
    <package name="UnitTests" line-rate="0.969849246231156" branch-rate="1" complexity="26">
      <classes>
        <class name="AutoGeneratedProgram" filename="C:\Users\DELL\.nuget\packages\microsoft.net.test.sdk\17.8.0\build\netcoreapp3.1\Microsoft.NET.Test.Sdk.Program.cs" line-rate="0" branch-rate="1" complexity="1">
          <methods>
            <method name="Main" signature="(...)" line-rate="0" branch-rate="1" complexity="1">
              <lines>
                <line number="4" hits="0" branch="false" />
              </lines>
            </method>
          </methods>
          <lines>
            <line number="4" hits="0" branch="false" />
          </lines>
        </class>
        <class name="UnitTests.Test_SerializationService" filename="D:\likhit_to_main\UnitTests\Test_SerializationService.cs" line-rate="0.96" branch-rate="1" complexity="14">
          <methods>
            <method name="Setup" signature="()" line-rate="1" branch-rate="1" complexity="1">
              <lines>
                <line number="23" hits="13" branch="false" />
                <line number="24" hits="13" branch="false" />
                <line number="25" hits="13" branch="false" />
                <line number="26" hits="13" branch="false" />
                <line number="27" hits="13" branch="false" />
                <line number="28" hits="13" branch="false" />
                <line number="29" hits="13" branch="false" />
                <line number="30" hits="13" branch="false" />
                <line number="31" hits="13" branch="false" />
                <line number="32" hits="13" branch="false" />
                <line number="33" hits="13" branch="false" />
                <line number="34" hits="13" branch="false" />
                <line number="36" hits="13" branch="false" />
                <line number="37" hits="13" branch="false" />
                <line number="38" hits="13" branch="false" />
                <line number="39" hits="13" branch="false" />
                <line number="40" hits="13" branch="false" />
                <line number="41" hits="13" branch="false" />
                <line number="42" hits="13" branch="false" />
                <line number="43" hits="13" branch="false" />
                <line number="44" hits="13" branch="false" />
                <line number="45" hits="13" branch="false" />
                <line number="46" hits="13" branch="false" />
                <line number="48" hits="13" branch="false" />
                <line number="49" hits="13" branch="false" />
                <line number="50" hits="13" branch="false" />
                <line number="51" hits="13" branch="false" />
                <line number="52" hits="13" branch="false" />
                <line number="53" hits="13" branch="false" />
                <line number="54" hits="13" branch="false" />
                <line number="55" hits="13" branch="false" />
                <line number="57" hits="13" branch="false" />
                <line number="58" hits="13" branch="false" />
                <line number="59" hits="13" branch="false" />
                <line number="60" hits="13" branch="false" />
                <line number="61" hits="13" branch="false" />
                <line number="62" hits="13" branch="false" />
                <line number="63" hits="13" branch="false" />
                <line number="64" hits="13" branch="false" />
                <line number="65" hits="13" branch="false" />
                <line number="66" hits="13" branch="false" />
                <line number="67" hits="13" branch="false" />
                <line number="69" hits="13" branch="false" />
                <line number="71" hits="13" branch="false" />
                <line number="72" hits="13" branch="false" />
                <line number="73" hits="13" branch="false" />
                <line number="74" hits="13" branch="false" />
                <line number="75" hits="13" branch="false" />
                <line number="76" hits="13" branch="false" />
                <line number="77" hits="13" branch="false" />
              </lines>
            </method>
            <method name="SerializeShape_ShouldReturnJsonString" signature="()" line-rate="1" branch-rate="1" complexity="1">
              <lines>
                <line number="81" hits="1" branch="false" />
                <line number="82" hits="1" branch="false" />
                <line number="83" hits="1" branch="false" />
                <line number="85" hits="1" branch="false" />
                <line number="86" hits="1" branch="false" />
                <line number="87" hits="1" branch="false" />
                <line number="88" hits="1" branch="false" />
                <line number="89" hits="1" branch="false" />
              </lines>
            </method>
            <method name="DeserializeShape_ShouldReturnCorrectShapeType" signature="()" line-rate="1" branch-rate="1" complexity="1">
              <lines>
                <line number="93" hits="1" branch="false" />
                <line number="94" hits="1" branch="false" />
                <line number="95" hits="1" branch="false" />
                <line number="97" hits="1" branch="false" />
                <line number="98" hits="1" branch="false" />
                <line number="100" hits="1" branch="false" />
                <line number="101" hits="1" branch="false" />
                <line number="102" hits="1" branch="false" />
              </lines>
            </method>
            <method name="DeserializeShape_ShouldThrowException_ForUnsupportedShape" signature="()" line-rate="0.75" branch-rate="1" complexity="1">
              <lines>
                <line number="107" hits="1" branch="false" />
                <line number="108" hits="1" branch="false" />
                <line number="109" hits="1" branch="false" />
                <line number="110" hits="0" branch="false" />
              </lines>
            </method>
            <method name="SerializeShapes_ShouldReturnJsonString" signature="()" line-rate="1" branch-rate="1" complexity="1">
              <lines>
                <line number="114" hits="1" branch="false" />
                <line number="115" hits="1" branch="false" />
                <line number="117" hits="1" branch="false" />
                <line number="118" hits="1" branch="false" />
                <line number="119" hits="1" branch="false" />
                <line number="120" hits="1" branch="false" />
                <line number="121" hits="1" branch="false" />
                <line number="122" hits="1" branch="false" />
              </lines>
            </method>
            <method name="DeserializeShapes_ShouldReturnObservableCollectionOfShapes" signature="()" line-rate="1" branch-rate="1" complexity="1">
              <lines>
                <line number="126" hits="1" branch="false" />
                <line number="127" hits="1" branch="false" />
                <line number="129" hits="1" branch="false" />
                <line number="131" hits="1" branch="false" />
                <line number="132" hits="1" branch="false" />
                <line number="133" hits="1" branch="false" />
                <line number="134" hits="1" branch="false" />
                <line number="135" hits="1" branch="false" />
                <line number="136" hits="1" branch="false" />
                <line number="137" hits="1" branch="false" />
              </lines>
            </method>
            <method name="DeserializeShapes_ShouldThrowException_ForUnsupportedShapeInCollection" signature="()" line-rate="0.75" branch-rate="1" complexity="1">
              <lines>
                <line number="142" hits="1" branch="false" />
                <line number="143" hits="1" branch="false" />
                <line number="144" hits="1" branch="false" />
                <line number="145" hits="0" branch="false" />
              </lines>
            </method>
            <method name="DeserializeShapes_ShouldHandleEmptyList" signature="()" line-rate="1" branch-rate="1" complexity="1">
              <lines>
                <line number="149" hits="1" branch="false" />
                <line number="150" hits="1" branch="false" />
                <line number="151" hits="1" branch="false" />
                <line number="153" hits="1" branch="false" />
                <line number="154" hits="1" branch="false" />
                <line number="155" hits="1" branch="false" />
              </lines>
            </method>
            <method name="DeserializeShape_ShouldThrowException_ForInvalidJson" signature="()" line-rate="0.75" branch-rate="1" complexity="1">
              <lines>
                <line number="160" hits="1" branch="false" />
                <line number="161" hits="1" branch="false" />
                <line number="162" hits="1" branch="false" />
                <line number="163" hits="0" branch="false" />
              </lines>
            </method>
            <method name="DeserializeShapes_ShouldThrowException_ForInvalidJson" signature="()" line-rate="0.75" branch-rate="1" complexity="1">
              <lines>
                <line number="168" hits="1" branch="false" />
                <line number="169" hits="1" branch="false" />
                <line number="170" hits="1" branch="false" />
                <line number="171" hits="0" branch="false" />
              </lines>
            </method>
            <method name="SerializeSnapShot_ShouldReturnJsonString" signature="()" line-rate="1" branch-rate="1" complexity="1">
              <lines>
                <line number="175" hits="1" branch="false" />
                <line number="176" hits="1" branch="false" />
                <line number="178" hits="1" branch="false" />
                <line number="179" hits="1" branch="false" />
                <line number="180" hits="1" branch="false" />
              </lines>
            </method>
            <method name="DeserializeSnapShot_ShouldReturnCorrectObject" signature="()" line-rate="1" branch-rate="1" complexity="1">
              <lines>
                <line number="184" hits="1" branch="false" />
                <line number="185" hits="1" branch="false" />
                <line number="186" hits="1" branch="false" />
                <line number="188" hits="1" branch="false" />
                <line number="189" hits="1" branch="false" />
                <line number="190" hits="1" branch="false" />
                <line number="191" hits="1" branch="false" />
              </lines>
            </method>
            <method name="DeserializeSnapShot_ShouldThrowException_ForNullInput" signature="()" line-rate="0.666666666666667" branch-rate="1" complexity="1">
              <lines>
                <line number="196" hits="1" branch="false" />
                <line number="197" hits="1" branch="false" />
                <line number="198" hits="0" branch="false" />
              </lines>
            </method>
            <method name="DeserializeSnapShot_ShouldReturnNull_ForEmptyString" signature="()" line-rate="1" branch-rate="1" complexity="1">
              <lines>
                <line number="202" hits="1" branch="false" />
                <line number="203" hits="1" branch="false" />
                <line number="204" hits="1" branch="false" />
                <line number="205" hits="1" branch="false" />
              </lines>
            </method>
          </methods>
          <lines>
            <line number="23" hits="13" branch="false" />
            <line number="24" hits="13" branch="false" />
            <line number="25" hits="13" branch="false" />
            <line number="26" hits="13" branch="false" />
            <line number="27" hits="13" branch="false" />
            <line number="28" hits="13" branch="false" />
            <line number="29" hits="13" branch="false" />
            <line number="30" hits="13" branch="false" />
            <line number="31" hits="13" branch="false" />
            <line number="32" hits="13" branch="false" />
            <line number="33" hits="13" branch="false" />
            <line number="34" hits="13" branch="false" />
            <line number="36" hits="13" branch="false" />
            <line number="37" hits="13" branch="false" />
            <line number="38" hits="13" branch="false" />
            <line number="39" hits="13" branch="false" />
            <line number="40" hits="13" branch="false" />
            <line number="41" hits="13" branch="false" />
            <line number="42" hits="13" branch="false" />
            <line number="43" hits="13" branch="false" />
            <line number="44" hits="13" branch="false" />
            <line number="45" hits="13" branch="false" />
            <line number="46" hits="13" branch="false" />
            <line number="48" hits="13" branch="false" />
            <line number="49" hits="13" branch="false" />
            <line number="50" hits="13" branch="false" />
            <line number="51" hits="13" branch="false" />
            <line number="52" hits="13" branch="false" />
            <line number="53" hits="13" branch="false" />
            <line number="54" hits="13" branch="false" />
            <line number="55" hits="13" branch="false" />
            <line number="57" hits="13" branch="false" />
            <line number="58" hits="13" branch="false" />
            <line number="59" hits="13" branch="false" />
            <line number="60" hits="13" branch="false" />
            <line number="61" hits="13" branch="false" />
            <line number="62" hits="13" branch="false" />
            <line number="63" hits="13" branch="false" />
            <line number="64" hits="13" branch="false" />
            <line number="65" hits="13" branch="false" />
            <line number="66" hits="13" branch="false" />
            <line number="67" hits="13" branch="false" />
            <line number="69" hits="13" branch="false" />
            <line number="71" hits="13" branch="false" />
            <line number="72" hits="13" branch="false" />
            <line number="73" hits="13" branch="false" />
            <line number="74" hits="13" branch="false" />
            <line number="75" hits="13" branch="false" />
            <line number="76" hits="13" branch="false" />
            <line number="77" hits="13" branch="false" />
            <line number="81" hits="1" branch="false" />
            <line number="82" hits="1" branch="false" />
            <line number="83" hits="1" branch="false" />
            <line number="85" hits="1" branch="false" />
            <line number="86" hits="1" branch="false" />
            <line number="87" hits="1" branch="false" />
            <line number="88" hits="1" branch="false" />
            <line number="89" hits="1" branch="false" />
            <line number="93" hits="1" branch="false" />
            <line number="94" hits="1" branch="false" />
            <line number="95" hits="1" branch="false" />
            <line number="97" hits="1" branch="false" />
            <line number="98" hits="1" branch="false" />
            <line number="100" hits="1" branch="false" />
            <line number="101" hits="1" branch="false" />
            <line number="102" hits="1" branch="false" />
            <line number="107" hits="1" branch="false" />
            <line number="108" hits="1" branch="false" />
            <line number="109" hits="1" branch="false" />
            <line number="110" hits="0" branch="false" />
            <line number="114" hits="1" branch="false" />
            <line number="115" hits="1" branch="false" />
            <line number="117" hits="1" branch="false" />
            <line number="118" hits="1" branch="false" />
            <line number="119" hits="1" branch="false" />
            <line number="120" hits="1" branch="false" />
            <line number="121" hits="1" branch="false" />
            <line number="122" hits="1" branch="false" />
            <line number="126" hits="1" branch="false" />
            <line number="127" hits="1" branch="false" />
            <line number="129" hits="1" branch="false" />
            <line number="131" hits="1" branch="false" />
            <line number="132" hits="1" branch="false" />
            <line number="133" hits="1" branch="false" />
            <line number="134" hits="1" branch="false" />
            <line number="135" hits="1" branch="false" />
            <line number="136" hits="1" branch="false" />
            <line number="137" hits="1" branch="false" />
            <line number="142" hits="1" branch="false" />
            <line number="143" hits="1" branch="false" />
            <line number="144" hits="1" branch="false" />
            <line number="145" hits="0" branch="false" />
            <line number="149" hits="1" branch="false" />
            <line number="150" hits="1" branch="false" />
            <line number="151" hits="1" branch="false" />
            <line number="153" hits="1" branch="false" />
            <line number="154" hits="1" branch="false" />
            <line number="155" hits="1" branch="false" />
            <line number="160" hits="1" branch="false" />
            <line number="161" hits="1" branch="false" />
            <line number="162" hits="1" branch="false" />
            <line number="163" hits="0" branch="false" />
            <line number="168" hits="1" branch="false" />
            <line number="169" hits="1" branch="false" />
            <line number="170" hits="1" branch="false" />
            <line number="171" hits="0" branch="false" />
            <line number="175" hits="1" branch="false" />
            <line number="176" hits="1" branch="false" />
            <line number="178" hits="1" branch="false" />
            <line number="179" hits="1" branch="false" />
            <line number="180" hits="1" branch="false" />
            <line number="184" hits="1" branch="false" />
            <line number="185" hits="1" branch="false" />
            <line number="186" hits="1" branch="false" />
            <line number="188" hits="1" branch="false" />
            <line number="189" hits="1" branch="false" />
            <line number="190" hits="1" branch="false" />
            <line number="191" hits="1" branch="false" />
            <line number="196" hits="1" branch="false" />
            <line number="197" hits="1" branch="false" />
            <line number="198" hits="0" branch="false" />
            <line number="202" hits="1" branch="false" />
            <line number="203" hits="1" branch="false" />
            <line number="204" hits="1" branch="false" />
            <line number="205" hits="1" branch="false" />
          </lines>
        </class>
        <class name="UnitTests.Test_UndoRedoService" filename="D:\likhit_to_main\UnitTests\Test_UndoRedoService.cs" line-rate="1" branch-rate="1" complexity="11">
          <methods>
            <method name="Setup" signature="()" line-rate="1" branch-rate="1" complexity="1">
              <lines>
                <line number="21" hits="9" branch="false" />
                <line number="22" hits="9" branch="false" />
                <line number="23" hits="9" branch="false" />
                <line number="26" hits="9" branch="false" />
                <line number="27" hits="9" branch="false" />
                <line number="30" hits="9" branch="false" />
                <line number="31" hits="9" branch="false" />
                <line number="33" hits="9" branch="false" />
                <line number="34" hits="9" branch="false" />
                <line number="35" hits="9" branch="false" />
              </lines>
            </method>
            <method name="UpdateLastDrawing_ShouldAddToUndoList" signature="()" line-rate="1" branch-rate="1" complexity="1">
              <lines>
                <line number="39" hits="1" branch="false" />
                <line number="41" hits="1" branch="false" />
                <line number="44" hits="1" branch="false" />
                <line number="45" hits="1" branch="false" />
                <line number="46" hits="1" branch="false" />
                <line number="47" hits="1" branch="false" />
              </lines>
            </method>
            <method name="UpdateLastDrawing_ShouldLimitUndoListSize" signature="()" line-rate="1" branch-rate="1" complexity="2">
              <lines>
                <line number="51" hits="1" branch="false" />
                <line number="53" hits="14" branch="true" condition-coverage="100% (2/2)" />
                <line number="54" hits="6" branch="false" />
                <line number="55" hits="6" branch="false" />
                <line number="56" hits="6" branch="false" />
                <line number="57" hits="6" branch="false" />
                <line number="58" hits="6" branch="false" />
                <line number="59" hits="6" branch="false" />
                <line number="62" hits="1" branch="false" />
                <line number="63" hits="1" branch="false" />
              </lines>
            </method>
            <method name="Undo_ShouldMoveLastItemToRedoList" signature="()" line-rate="1" branch-rate="1" complexity="1">
              <lines>
                <line number="67" hits="1" branch="false" />
                <line number="69" hits="1" branch="false" />
                <line number="72" hits="1" branch="false" />
                <line number="75" hits="1" branch="false" />
                <line number="76" hits="1" branch="false" />
                <line number="77" hits="1" branch="false" />
                <line number="78" hits="1" branch="false" />
                <line number="79" hits="1" branch="false" />
              </lines>
            </method>
            <method name="Undo_ShouldNotFailWhenUndoListIsEmpty" signature="()" line-rate="1" branch-rate="1" complexity="1">
              <lines>
                <line number="83" hits="1" branch="false" />
                <line number="85" hits="1" branch="false" />
                <line number="88" hits="1" branch="false" />
                <line number="89" hits="1" branch="false" />
                <line number="90" hits="1" branch="false" />
              </lines>
            </method>
            <method name="Redo_ShouldMoveLastItemToUndoList" signature="()" line-rate="1" branch-rate="1" complexity="1">
              <lines>
                <line number="94" hits="1" branch="false" />
                <line number="96" hits="1" branch="false" />
                <line number="97" hits="1" branch="false" />
                <line number="100" hits="1" branch="false" />
                <line number="103" hits="1" branch="false" />
                <line number="104" hits="1" branch="false" />
                <line number="105" hits="1" branch="false" />
                <line number="106" hits="1" branch="false" />
                <line number="107" hits="1" branch="false" />
              </lines>
            </method>
            <method name="Redo_ShouldNotFailWhenRedoListIsEmpty" signature="()" line-rate="1" branch-rate="1" complexity="1">
              <lines>
                <line number="111" hits="1" branch="false" />
                <line number="113" hits="1" branch="false" />
                <line number="116" hits="1" branch="false" />
                <line number="117" hits="1" branch="false" />
                <line number="118" hits="1" branch="false" />
              </lines>
            </method>
            <method name="RemoveLastModified_ShouldRemoveShapeFromUndoAndRedoLists" signature="()" line-rate="1" branch-rate="1" complexity="1">
              <lines>
                <line number="122" hits="1" branch="false" />
                <line number="124" hits="1" branch="false" />
                <line number="125" hits="1" branch="false" />
                <line number="128" hits="1" branch="false" />
                <line number="131" hits="2" branch="false" />
                <line number="132" hits="1" branch="false" />
                <line number="133" hits="1" branch="false" />
              </lines>
            </method>
            <method name="RemoveLastModified_ShouldHandleEmptyLists" signature="()" line-rate="1" branch-rate="1" complexity="1">
              <lines>
                <line number="137" hits="1" branch="false" />
                <line number="139" hits="1" branch="false" />
                <line number="142" hits="1" branch="false" />
                <line number="143" hits="1" branch="false" />
                <line number="144" hits="1" branch="false" />
              </lines>
            </method>
            <method name="RemoveLastModified_ShouldNotRemoveUnmatchedShape" signature="()" line-rate="1" branch-rate="1" complexity="1">
              <lines>
                <line number="148" hits="1" branch="false" />
                <line number="150" hits="1" branch="false" />
                <line number="152" hits="1" branch="false" />
                <line number="153" hits="1" branch="false" />
                <line number="154" hits="1" branch="false" />
                <line number="157" hits="1" branch="false" />
                <line number="160" hits="1" branch="false" />
                <line number="161" hits="1" branch="false" />
              </lines>
            </method>
          </methods>
          <lines>
            <line number="21" hits="9" branch="false" />
            <line number="22" hits="9" branch="false" />
            <line number="23" hits="9" branch="false" />
            <line number="26" hits="9" branch="false" />
            <line number="27" hits="9" branch="false" />
            <line number="30" hits="9" branch="false" />
            <line number="31" hits="9" branch="false" />
            <line number="33" hits="9" branch="false" />
            <line number="34" hits="9" branch="false" />
            <line number="35" hits="9" branch="false" />
            <line number="39" hits="1" branch="false" />
            <line number="41" hits="1" branch="false" />
            <line number="44" hits="1" branch="false" />
            <line number="45" hits="1" branch="false" />
            <line number="46" hits="1" branch="false" />
            <line number="47" hits="1" branch="false" />
            <line number="51" hits="1" branch="false" />
            <line number="53" hits="14" branch="true" condition-coverage="100% (2/2)" />
            <line number="54" hits="6" branch="false" />
            <line number="55" hits="6" branch="false" />
            <line number="56" hits="6" branch="false" />
            <line number="57" hits="6" branch="false" />
            <line number="58" hits="6" branch="false" />
            <line number="59" hits="6" branch="false" />
            <line number="62" hits="1" branch="false" />
            <line number="63" hits="1" branch="false" />
            <line number="67" hits="1" branch="false" />
            <line number="69" hits="1" branch="false" />
            <line number="72" hits="1" branch="false" />
            <line number="75" hits="1" branch="false" />
            <line number="76" hits="1" branch="false" />
            <line number="77" hits="1" branch="false" />
            <line number="78" hits="1" branch="false" />
            <line number="79" hits="1" branch="false" />
            <line number="83" hits="1" branch="false" />
            <line number="85" hits="1" branch="false" />
            <line number="88" hits="1" branch="false" />
            <line number="89" hits="1" branch="false" />
            <line number="90" hits="1" branch="false" />
            <line number="94" hits="1" branch="false" />
            <line number="96" hits="1" branch="false" />
            <line number="97" hits="1" branch="false" />
            <line number="100" hits="1" branch="false" />
            <line number="103" hits="1" branch="false" />
            <line number="104" hits="1" branch="false" />
            <line number="105" hits="1" branch="false" />
            <line number="106" hits="1" branch="false" />
            <line number="107" hits="1" branch="false" />
            <line number="111" hits="1" branch="false" />
            <line number="113" hits="1" branch="false" />
            <line number="116" hits="1" branch="false" />
            <line number="117" hits="1" branch="false" />
            <line number="118" hits="1" branch="false" />
            <line number="122" hits="1" branch="false" />
            <line number="124" hits="1" branch="false" />
            <line number="125" hits="1" branch="false" />
            <line number="128" hits="1" branch="false" />
            <line number="131" hits="2" branch="false" />
            <line number="132" hits="1" branch="false" />
            <line number="133" hits="1" branch="false" />
            <line number="137" hits="1" branch="false" />
            <line number="139" hits="1" branch="false" />
            <line number="142" hits="1" branch="false" />
            <line number="143" hits="1" branch="false" />
            <line number="144" hits="1" branch="false" />
            <line number="148" hits="1" branch="false" />
            <line number="150" hits="1" branch="false" />
            <line number="152" hits="1" branch="false" />
            <line number="153" hits="1" branch="false" />
            <line number="154" hits="1" branch="false" />
            <line number="157" hits="1" branch="false" />
            <line number="160" hits="1" branch="false" />
            <line number="161" hits="1" branch="false" />
          </lines>
        </class>
      </classes>
    </package>
    <package name="WhiteboardGUI" line-rate="0.128650021159543" branch-rate="0.078125" complexity="867">
      <classes>
        <class name="ShapeConverter" filename="D:\likhit_to_main\WhiteboardGUI\Services\ShapeConvertor.cs" line-rate="0.814814814814815" branch-rate="0.6875" complexity="17">
          <methods>
            <method name="CanConvert" signature="(...)" line-rate="0" branch-rate="0" complexity="2">
              <lines>
                <line number="11" hits="0" branch="false" />
                <line number="12" hits="0" branch="true" condition-coverage="0% (0/2)" />
                <line number="13" hits="0" branch="false" />
              </lines>
            </method>
            <method name="ReadJson" signature="(...)" line-rate="0.904761904761905" branch-rate="0.785714285714286" complexity="14">
              <lines>
                <line number="16" hits="1" branch="false" />
                <line number="18" hits="1" branch="true" condition-coverage="50% (1/2)" />
                <line number="19" hits="1" branch="false" />
                <line number="20" hits="1" branch="false" />
                <line number="21" hits="1" branch="false" />
                <line number="23" hits="11" branch="true" condition-coverage="100% (2/2)" />
                <line number="24" hits="4" branch="false" />
                <line number="25" hits="4" branch="true" condition-coverage="50% (1/2)" />
                <line number="26" hits="4" branch="true" condition-coverage="88% (7/8)" />
                <line number="27" hits="4" branch="false" />
                <line number="28" hits="1" branch="false" />
                <line number="29" hits="1" branch="false" />
                <line number="30" hits="1" branch="false" />
                <line number="31" hits="1" branch="false" />
                <line number="32" hits="0" branch="false" />
                <line number="33" hits="4" branch="false" />
                <line number="34" hits="4" branch="false" />
                <line number="35" hits="4" branch="false" />
                <line number="37" hits="1" branch="false" />
                <line number="40" hits="0" branch="false" />
                <line number="41" hits="1" branch="false" />
              </lines>
            </method>
            <method name="WriteJson" signature="(...)" line-rate="1" branch-rate="1" complexity="1">
              <lines>
                <line number="44" hits="2" branch="false" />
                <line number="45" hits="2" branch="false" />
                <line number="46" hits="2" branch="false" />
              </lines>
            </method>
          </methods>
          <lines>
            <line number="11" hits="0" branch="false" />
            <line number="12" hits="0" branch="true" condition-coverage="0% (0/2)" />
            <line number="13" hits="0" branch="false" />
            <line number="16" hits="1" branch="false" />
            <line number="18" hits="1" branch="true" condition-coverage="50% (1/2)" />
            <line number="19" hits="1" branch="false" />
            <line number="20" hits="1" branch="false" />
            <line number="21" hits="1" branch="false" />
            <line number="23" hits="11" branch="true" condition-coverage="100% (2/2)" />
            <line number="24" hits="4" branch="false" />
            <line number="25" hits="4" branch="true" condition-coverage="50% (1/2)" />
            <line number="26" hits="4" branch="true" condition-coverage="88% (7/8)" />
            <line number="27" hits="4" branch="false" />
            <line number="28" hits="1" branch="false" />
            <line number="29" hits="1" branch="false" />
            <line number="30" hits="1" branch="false" />
            <line number="31" hits="1" branch="false" />
            <line number="32" hits="0" branch="false" />
            <line number="33" hits="4" branch="false" />
            <line number="34" hits="4" branch="false" />
            <line number="35" hits="4" branch="false" />
            <line number="37" hits="1" branch="false" />
            <line number="40" hits="0" branch="false" />
            <line number="41" hits="1" branch="false" />
            <line number="44" hits="2" branch="false" />
            <line number="45" hits="2" branch="false" />
            <line number="46" hits="2" branch="false" />
          </lines>
        </class>
        <class name="WhiteboardGUI.Adorners.HoverAdorner" filename="D:\likhit_to_main\WhiteboardGUI\Adorners\HoverAdorner.cs" line-rate="0" branch-rate="0" complexity="9">
          <methods>
            <method name="get_VisualChildrenCount" signature="()" line-rate="0" branch-rate="1" complexity="1">
              <lines>
                <line number="88" hits="0" branch="false" />
              </lines>
            </method>
            <method name="GetVisualChild" signature="(...)" line-rate="0" branch-rate="1" complexity="1">
              <lines>
                <line number="91" hits="0" branch="false" />
                <line number="92" hits="0" branch="false" />
                <line number="93" hits="0" branch="false" />
              </lines>
            </method>
            <method name="MeasureOverride" signature="(...)" line-rate="0" branch-rate="1" complexity="1">
              <lines>
                <line number="96" hits="0" branch="false" />
                <line number="97" hits="0" branch="false" />
                <line number="98" hits="0" branch="false" />
                <line number="99" hits="0" branch="false" />
              </lines>
            </method>
            <method name="ArrangeOverride" signature="(...)" line-rate="0" branch-rate="0" complexity="4">
              <lines>
                <line number="102" hits="0" branch="false" />
                <line number="104" hits="0" branch="false" />
                <line number="105" hits="0" branch="false" />
                <line number="108" hits="0" branch="true" condition-coverage="0% (0/2)" />
                <line number="109" hits="0" branch="false" />
                <line number="111" hits="0" branch="true" condition-coverage="0% (0/2)" />
                <line number="112" hits="0" branch="false" />
                <line number="114" hits="0" branch="false" />
                <line number="115" hits="0" branch="false" />
                <line number="116" hits="0" branch="false" />
              </lines>
            </method>
            <method name="UpdateText" signature="(...)" line-rate="0" branch-rate="1" complexity="1">
              <lines>
                <line number="120" hits="0" branch="false" />
                <line number="121" hits="0" branch="false" />
                <line number="122" hits="0" branch="false" />
                <line number="123" hits="0" branch="false" />
                <line number="124" hits="0" branch="false" />
              </lines>
            </method>
            <method name=".ctor" signature="(...)" line-rate="0" branch-rate="1" complexity="1">
              <lines>
                <line number="26" hits="0" branch="false" />
                <line number="27" hits="0" branch="false" />
                <line number="28" hits="0" branch="false" />
                <line number="29" hits="0" branch="false" />
                <line number="32" hits="0" branch="false" />
                <line number="33" hits="0" branch="false" />
                <line number="34" hits="0" branch="false" />
                <line number="35" hits="0" branch="false" />
                <line number="36" hits="0" branch="false" />
                <line number="37" hits="0" branch="false" />
                <line number="38" hits="0" branch="false" />
                <line number="39" hits="0" branch="false" />
                <line number="42" hits="0" branch="false" />
                <line number="43" hits="0" branch="false" />
                <line number="44" hits="0" branch="false" />
                <line number="45" hits="0" branch="false" />
                <line number="46" hits="0" branch="false" />
                <line number="47" hits="0" branch="false" />
                <line number="48" hits="0" branch="false" />
                <line number="49" hits="0" branch="false" />
                <line number="50" hits="0" branch="false" />
                <line number="51" hits="0" branch="false" />
                <line number="54" hits="0" branch="false" />
                <line number="55" hits="0" branch="false" />
                <line number="56" hits="0" branch="false" />
                <line number="57" hits="0" branch="false" />
                <line number="58" hits="0" branch="false" />
                <line number="59" hits="0" branch="false" />
                <line number="60" hits="0" branch="false" />
                <line number="61" hits="0" branch="false" />
                <line number="62" hits="0" branch="false" />
                <line number="63" hits="0" branch="false" />
                <line number="66" hits="0" branch="false" />
                <line number="67" hits="0" branch="false" />
                <line number="68" hits="0" branch="false" />
                <line number="69" hits="0" branch="false" />
                <line number="70" hits="0" branch="false" />
                <line number="71" hits="0" branch="false" />
                <line number="74" hits="0" branch="false" />
                <line number="75" hits="0" branch="false" />
                <line number="76" hits="0" branch="false" />
                <line number="77" hits="0" branch="false" />
                <line number="78" hits="0" branch="false" />
                <line number="79" hits="0" branch="false" />
                <line number="80" hits="0" branch="false" />
                <line number="81" hits="0" branch="false" />
                <line number="82" hits="0" branch="false" />
                <line number="86" hits="0" branch="false" />
                <line number="87" hits="0" branch="false" />
              </lines>
            </method>
          </methods>
          <lines>
            <line number="26" hits="0" branch="false" />
            <line number="27" hits="0" branch="false" />
            <line number="28" hits="0" branch="false" />
            <line number="29" hits="0" branch="false" />
            <line number="32" hits="0" branch="false" />
            <line number="33" hits="0" branch="false" />
            <line number="34" hits="0" branch="false" />
            <line number="35" hits="0" branch="false" />
            <line number="36" hits="0" branch="false" />
            <line number="37" hits="0" branch="false" />
            <line number="38" hits="0" branch="false" />
            <line number="39" hits="0" branch="false" />
            <line number="42" hits="0" branch="false" />
            <line number="43" hits="0" branch="false" />
            <line number="44" hits="0" branch="false" />
            <line number="45" hits="0" branch="false" />
            <line number="46" hits="0" branch="false" />
            <line number="47" hits="0" branch="false" />
            <line number="48" hits="0" branch="false" />
            <line number="49" hits="0" branch="false" />
            <line number="50" hits="0" branch="false" />
            <line number="51" hits="0" branch="false" />
            <line number="54" hits="0" branch="false" />
            <line number="55" hits="0" branch="false" />
            <line number="56" hits="0" branch="false" />
            <line number="57" hits="0" branch="false" />
            <line number="58" hits="0" branch="false" />
            <line number="59" hits="0" branch="false" />
            <line number="60" hits="0" branch="false" />
            <line number="61" hits="0" branch="false" />
            <line number="62" hits="0" branch="false" />
            <line number="63" hits="0" branch="false" />
            <line number="66" hits="0" branch="false" />
            <line number="67" hits="0" branch="false" />
            <line number="68" hits="0" branch="false" />
            <line number="69" hits="0" branch="false" />
            <line number="70" hits="0" branch="false" />
            <line number="71" hits="0" branch="false" />
            <line number="74" hits="0" branch="false" />
            <line number="75" hits="0" branch="false" />
            <line number="76" hits="0" branch="false" />
            <line number="77" hits="0" branch="false" />
            <line number="78" hits="0" branch="false" />
            <line number="79" hits="0" branch="false" />
            <line number="80" hits="0" branch="false" />
            <line number="81" hits="0" branch="false" />
            <line number="82" hits="0" branch="false" />
            <line number="86" hits="0" branch="false" />
            <line number="87" hits="0" branch="false" />
            <line number="88" hits="0" branch="false" />
            <line number="91" hits="0" branch="false" />
            <line number="92" hits="0" branch="false" />
            <line number="93" hits="0" branch="false" />
            <line number="96" hits="0" branch="false" />
            <line number="97" hits="0" branch="false" />
            <line number="98" hits="0" branch="false" />
            <line number="99" hits="0" branch="false" />
            <line number="102" hits="0" branch="false" />
            <line number="104" hits="0" branch="false" />
            <line number="105" hits="0" branch="false" />
            <line number="108" hits="0" branch="true" condition-coverage="0% (0/2)" />
            <line number="109" hits="0" branch="false" />
            <line number="111" hits="0" branch="true" condition-coverage="0% (0/2)" />
            <line number="112" hits="0" branch="false" />
            <line number="114" hits="0" branch="false" />
            <line number="115" hits="0" branch="false" />
            <line number="116" hits="0" branch="false" />
            <line number="120" hits="0" branch="false" />
            <line number="121" hits="0" branch="false" />
            <line number="122" hits="0" branch="false" />
            <line number="123" hits="0" branch="false" />
            <line number="124" hits="0" branch="false" />
          </lines>
        </class>
        <class name="WhiteboardGUI.Converters.BooleanToTextConverter" filename="D:\likhit_to_main\WhiteboardGUI\Converters\BooleanToTextConverter.cs" line-rate="0" branch-rate="0" complexity="3">
          <methods>
            <method name="Convert" signature="(...)" line-rate="0" branch-rate="0" complexity="2">
              <lines>
                <line number="14" hits="0" branch="false" />
                <line number="15" hits="0" branch="false" />
                <line number="16" hits="0" branch="true" condition-coverage="0% (0/2)" />
                <line number="17" hits="0" branch="false" />
              </lines>
            </method>
            <method name="ConvertBack" signature="(...)" line-rate="0" branch-rate="1" complexity="1">
              <lines>
                <line number="20" hits="0" branch="false" />
                <line number="21" hits="0" branch="false" />
              </lines>
            </method>
          </methods>
          <lines>
            <line number="14" hits="0" branch="false" />
            <line number="15" hits="0" branch="false" />
            <line number="16" hits="0" branch="true" condition-coverage="0% (0/2)" />
            <line number="17" hits="0" branch="false" />
            <line number="20" hits="0" branch="false" />
            <line number="21" hits="0" branch="false" />
          </lines>
        </class>
        <class name="WhiteboardGUI.Converters.HeightToFontSizeConverter" filename="D:\likhit_to_main\WhiteboardGUI\Converters\HeightToFontSizeConverter.cs" line-rate="0" branch-rate="0" complexity="5">
          <methods>
            <method name="Convert" signature="(...)" line-rate="0" branch-rate="0" complexity="4">
              <lines>
                <line number="10" hits="0" branch="false" />
                <line number="11" hits="0" branch="true" condition-coverage="0% (0/4)" />
                <line number="12" hits="0" branch="false" />
                <line number="13" hits="0" branch="false" />
                <line number="15" hits="0" branch="false" />
                <line number="16" hits="0" branch="false" />
              </lines>
            </method>
            <method name="ConvertBack" signature="(...)" line-rate="0" branch-rate="1" complexity="1">
              <lines>
                <line number="19" hits="0" branch="false" />
                <line number="20" hits="0" branch="false" />
              </lines>
            </method>
          </methods>
          <lines>
            <line number="10" hits="0" branch="false" />
            <line number="11" hits="0" branch="true" condition-coverage="0% (0/4)" />
            <line number="12" hits="0" branch="false" />
            <line number="13" hits="0" branch="false" />
            <line number="15" hits="0" branch="false" />
            <line number="16" hits="0" branch="false" />
            <line number="19" hits="0" branch="false" />
            <line number="20" hits="0" branch="false" />
          </lines>
        </class>
        <class name="WhiteboardGUI.Converters.InverseBooleanConverter" filename="D:\likhit_to_main\WhiteboardGUI\Converters\InverseBooleanConverter.cs" line-rate="0" branch-rate="1" complexity="2">
          <methods>
            <method name="Convert" signature="(...)" line-rate="0" branch-rate="1" complexity="1">
              <lines>
                <line number="14" hits="0" branch="false" />
                <line number="15" hits="0" branch="false" />
                <line number="16" hits="0" branch="false" />
              </lines>
            </method>
            <method name="ConvertBack" signature="(...)" line-rate="0" branch-rate="1" complexity="1">
              <lines>
                <line number="19" hits="0" branch="false" />
                <line number="20" hits="0" branch="false" />
              </lines>
            </method>
          </methods>
          <lines>
            <line number="14" hits="0" branch="false" />
            <line number="15" hits="0" branch="false" />
            <line number="16" hits="0" branch="false" />
            <line number="19" hits="0" branch="false" />
            <line number="20" hits="0" branch="false" />
          </lines>
        </class>
        <class name="WhiteboardGUI.Converters.NullToBooleanConverter" filename="D:\likhit_to_main\WhiteboardGUI\Converters\NullToBooleanConverter.cs" line-rate="0" branch-rate="1" complexity="2">
          <methods>
            <method name="Convert" signature="(...)" line-rate="0" branch-rate="1" complexity="1">
              <lines>
                <line number="16" hits="0" branch="false" />
                <line number="17" hits="0" branch="false" />
                <line number="18" hits="0" branch="false" />
              </lines>
            </method>
            <method name="ConvertBack" signature="(...)" line-rate="0" branch-rate="1" complexity="1">
              <lines>
                <line number="21" hits="0" branch="false" />
                <line number="22" hits="0" branch="false" />
              </lines>
            </method>
          </methods>
          <lines>
            <line number="16" hits="0" branch="false" />
            <line number="17" hits="0" branch="false" />
            <line number="18" hits="0" branch="false" />
            <line number="21" hits="0" branch="false" />
            <line number="22" hits="0" branch="false" />
          </lines>
        </class>
        <class name="WhiteboardGUI.MainWindow" filename="D:\likhit_to_main\WhiteboardGUI\Views\MainWindow.cs" line-rate="0" branch-rate="1" complexity="1">
          <methods>
            <method name=".ctor" signature="()" line-rate="0" branch-rate="1" complexity="1">
              <lines>
                <line number="8" hits="0" branch="false" />
                <line number="9" hits="0" branch="false" />
                <line number="10" hits="0" branch="false" />
                <line number="11" hits="0" branch="false" />
                <line number="12" hits="0" branch="false" />
                <line number="13" hits="0" branch="false" />
              </lines>
            </method>
          </methods>
          <lines>
            <line number="8" hits="0" branch="false" />
            <line number="9" hits="0" branch="false" />
            <line number="10" hits="0" branch="false" />
            <line number="11" hits="0" branch="false" />
            <line number="12" hits="0" branch="false" />
            <line number="13" hits="0" branch="false" />
          </lines>
        </class>
        <class name="WhiteboardGUI.Models.CircleShape" filename="D:\likhit_to_main\WhiteboardGUI\Models\CircleShape.cs" line-rate="0.661016949152542" branch-rate="1" complexity="19">
          <methods>
            <method name="get_ShapeType" signature="()" line-rate="1" branch-rate="1" complexity="1">
              <lines>
                <line number="9" hits="6" branch="false" />
              </lines>
            </method>
            <method name="get_CenterX" signature="()" line-rate="1" branch-rate="1" complexity="1">
              <lines>
                <line number="19" hits="18" branch="false" />
              </lines>
            </method>
            <method name="set_CenterX" signature="(...)" line-rate="1" branch-rate="1" complexity="1">
              <lines>
                <line number="21" hits="16" branch="false" />
                <line number="22" hits="16" branch="false" />
                <line number="23" hits="16" branch="false" />
                <line number="24" hits="16" branch="false" />
                <line number="25" hits="16" branch="false" />
                <line number="26" hits="16" branch="false" />
              </lines>
            </method>
            <method name="get_CenterY" signature="()" line-rate="1" branch-rate="1" complexity="1">
              <lines>
                <line number="31" hits="18" branch="false" />
              </lines>
            </method>
            <method name="set_CenterY" signature="(...)" line-rate="1" branch-rate="1" complexity="1">
              <lines>
                <line number="33" hits="16" branch="false" />
                <line number="34" hits="16" branch="false" />
                <line number="35" hits="16" branch="false" />
                <line number="36" hits="16" branch="false" />
                <line number="37" hits="16" branch="false" />
                <line number="38" hits="16" branch="false" />
              </lines>
            </method>
            <method name="get_RadiusX" signature="()" line-rate="1" branch-rate="1" complexity="1">
              <lines>
                <line number="43" hits="30" branch="false" />
              </lines>
            </method>
            <method name="set_RadiusX" signature="(...)" line-rate="1" branch-rate="1" complexity="1">
              <lines>
                <line number="45" hits="16" branch="false" />
                <line number="46" hits="16" branch="false" />
                <line number="47" hits="16" branch="false" />
                <line number="48" hits="16" branch="false" />
                <line number="49" hits="16" branch="false" />
                <line number="50" hits="16" branch="false" />
                <line number="51" hits="16" branch="false" />
              </lines>
            </method>
            <method name="get_RadiusY" signature="()" line-rate="1" branch-rate="1" complexity="1">
              <lines>
                <line number="56" hits="30" branch="false" />
              </lines>
            </method>
            <method name="set_RadiusY" signature="(...)" line-rate="1" branch-rate="1" complexity="1">
              <lines>
                <line number="58" hits="16" branch="false" />
                <line number="59" hits="16" branch="false" />
                <line number="60" hits="16" branch="false" />
                <line number="61" hits="16" branch="false" />
                <line number="62" hits="16" branch="false" />
                <line number="63" hits="16" branch="false" />
                <line number="65" hits="16" branch="false" />
              </lines>
            </method>
            <method name="get_Left" signature="()" line-rate="1" branch-rate="1" complexity="1">
              <lines>
                <line number="71" hits="12" branch="false" />
              </lines>
            </method>
            <method name="get_Top" signature="()" line-rate="1" branch-rate="1" complexity="1">
              <lines>
                <line number="72" hits="12" branch="false" />
              </lines>
            </method>
            <method name="get_Width" signature="()" line-rate="1" branch-rate="1" complexity="1">
              <lines>
                <line number="73" hits="12" branch="false" />
              </lines>
            </method>
            <method name="get_Height" signature="()" line-rate="1" branch-rate="1" complexity="1">
              <lines>
                <line number="74" hits="12" branch="false" />
              </lines>
            </method>
            <method name="get_HandleSize" signature="()" line-rate="1" branch-rate="1" complexity="1">
              <lines>
                <line number="75" hits="18" branch="false" />
              </lines>
            </method>
            <method name="get_TopRightHandleX" signature="()" line-rate="1" branch-rate="1" complexity="1">
              <lines>
                <line number="76" hits="6" branch="false" />
              </lines>
            </method>
            <method name="get_DownLeftHandleY" signature="()" line-rate="1" branch-rate="1" complexity="1">
              <lines>
                <line number="77" hits="6" branch="false" />
              </lines>
            </method>
            <method name="get_Stroke" signature="()" line-rate="1" branch-rate="1" complexity="1">
              <lines>
                <line number="80" hits="6" branch="false" />
              </lines>
            </method>
            <method name="GetBounds" signature="()" line-rate="0" branch-rate="1" complexity="1">
              <lines>
                <line number="84" hits="0" branch="false" />
                <line number="85" hits="0" branch="false" />
                <line number="86" hits="0" branch="false" />
              </lines>
            </method>
            <method name="Clone" signature="()" line-rate="0" branch-rate="1" complexity="1">
              <lines>
                <line number="89" hits="0" branch="false" />
                <line number="90" hits="0" branch="false" />
                <line number="91" hits="0" branch="false" />
                <line number="92" hits="0" branch="false" />
                <line number="93" hits="0" branch="false" />
                <line number="94" hits="0" branch="false" />
                <line number="95" hits="0" branch="false" />
                <line number="96" hits="0" branch="false" />
                <line number="97" hits="0" branch="false" />
                <line number="98" hits="0" branch="false" />
                <line number="99" hits="0" branch="false" />
                <line number="100" hits="0" branch="false" />
                <line number="101" hits="0" branch="false" />
                <line number="102" hits="0" branch="false" />
                <line number="103" hits="0" branch="false" />
                <line number="104" hits="0" branch="false" />
                <line number="105" hits="0" branch="false" />
              </lines>
            </method>
          </methods>
          <lines>
            <line number="9" hits="6" branch="false" />
            <line number="19" hits="18" branch="false" />
            <line number="21" hits="16" branch="false" />
            <line number="22" hits="16" branch="false" />
            <line number="23" hits="16" branch="false" />
            <line number="24" hits="16" branch="false" />
            <line number="25" hits="16" branch="false" />
            <line number="26" hits="16" branch="false" />
            <line number="31" hits="18" branch="false" />
            <line number="33" hits="16" branch="false" />
            <line number="34" hits="16" branch="false" />
            <line number="35" hits="16" branch="false" />
            <line number="36" hits="16" branch="false" />
            <line number="37" hits="16" branch="false" />
            <line number="38" hits="16" branch="false" />
            <line number="43" hits="30" branch="false" />
            <line number="45" hits="16" branch="false" />
            <line number="46" hits="16" branch="false" />
            <line number="47" hits="16" branch="false" />
            <line number="48" hits="16" branch="false" />
            <line number="49" hits="16" branch="false" />
            <line number="50" hits="16" branch="false" />
            <line number="51" hits="16" branch="false" />
            <line number="56" hits="30" branch="false" />
            <line number="58" hits="16" branch="false" />
            <line number="59" hits="16" branch="false" />
            <line number="60" hits="16" branch="false" />
            <line number="61" hits="16" branch="false" />
            <line number="62" hits="16" branch="false" />
            <line number="63" hits="16" branch="false" />
            <line number="65" hits="16" branch="false" />
            <line number="71" hits="12" branch="false" />
            <line number="72" hits="12" branch="false" />
            <line number="73" hits="12" branch="false" />
            <line number="74" hits="12" branch="false" />
            <line number="75" hits="18" branch="false" />
            <line number="76" hits="6" branch="false" />
            <line number="77" hits="6" branch="false" />
            <line number="80" hits="6" branch="false" />
            <line number="84" hits="0" branch="false" />
            <line number="85" hits="0" branch="false" />
            <line number="86" hits="0" branch="false" />
            <line number="89" hits="0" branch="false" />
            <line number="90" hits="0" branch="false" />
            <line number="91" hits="0" branch="false" />
            <line number="92" hits="0" branch="false" />
            <line number="93" hits="0" branch="false" />
            <line number="94" hits="0" branch="false" />
            <line number="95" hits="0" branch="false" />
            <line number="96" hits="0" branch="false" />
            <line number="97" hits="0" branch="false" />
            <line number="98" hits="0" branch="false" />
            <line number="99" hits="0" branch="false" />
            <line number="100" hits="0" branch="false" />
            <line number="101" hits="0" branch="false" />
            <line number="102" hits="0" branch="false" />
            <line number="103" hits="0" branch="false" />
            <line number="104" hits="0" branch="false" />
            <line number="105" hits="0" branch="false" />
          </lines>
        </class>
        <class name="WhiteboardGUI.Models.LineShape" filename="D:\likhit_to_main\WhiteboardGUI\Models\LineShape.cs" line-rate="0.819047619047619" branch-rate="1" complexity="33">
          <methods>
            <method name="get_ShapeType" signature="()" line-rate="1" branch-rate="1" complexity="1">
              <lines>
                <line number="9" hits="6" branch="false" />
              </lines>
            </method>
            <method name="get_StartX" signature="()" line-rate="1" branch-rate="1" complexity="1">
              <lines>
                <line number="18" hits="48" branch="false" />
              </lines>
            </method>
            <method name="set_StartX" signature="(...)" line-rate="1" branch-rate="1" complexity="2">
              <lines>
                <line number="20" hits="16" branch="false" />
                <line number="21" hits="16" branch="true" condition-coverage="100% (2/2)" />
                <line number="22" hits="16" branch="false" />
                <line number="23" hits="16" branch="false" />
                <line number="24" hits="16" branch="false" />
                <line number="25" hits="16" branch="false" />
                <line number="26" hits="16" branch="false" />
                <line number="27" hits="16" branch="false" />
                <line number="28" hits="16" branch="false" />
                <line number="30" hits="16" branch="false" />
                <line number="31" hits="16" branch="false" />
                <line number="32" hits="16" branch="false" />
                <line number="33" hits="16" branch="false" />
              </lines>
            </method>
            <method name="get_StartY" signature="()" line-rate="1" branch-rate="1" complexity="1">
              <lines>
                <line number="38" hits="72" branch="false" />
              </lines>
            </method>
            <method name="set_StartY" signature="(...)" line-rate="1" branch-rate="1" complexity="2">
              <lines>
                <line number="40" hits="16" branch="false" />
                <line number="41" hits="16" branch="true" condition-coverage="100% (2/2)" />
                <line number="42" hits="16" branch="false" />
                <line number="43" hits="16" branch="false" />
                <line number="44" hits="16" branch="false" />
                <line number="45" hits="16" branch="false" />
                <line number="46" hits="16" branch="false" />
                <line number="47" hits="16" branch="false" />
                <line number="48" hits="16" branch="false" />
                <line number="49" hits="16" branch="false" />
                <line number="50" hits="16" branch="false" />
                <line number="51" hits="16" branch="false" />
                <line number="52" hits="16" branch="false" />
              </lines>
            </method>
            <method name="get_EndX" signature="()" line-rate="1" branch-rate="1" complexity="1">
              <lines>
                <line number="57" hits="48" branch="false" />
              </lines>
            </method>
            <method name="set_EndX" signature="(...)" line-rate="1" branch-rate="1" complexity="2">
              <lines>
                <line number="59" hits="16" branch="false" />
                <line number="60" hits="16" branch="true" condition-coverage="100% (2/2)" />
                <line number="61" hits="16" branch="false" />
                <line number="62" hits="16" branch="false" />
                <line number="63" hits="16" branch="false" />
                <line number="64" hits="16" branch="false" />
                <line number="65" hits="16" branch="false" />
                <line number="66" hits="16" branch="false" />
                <line number="67" hits="16" branch="false" />
                <line number="68" hits="16" branch="false" />
                <line number="69" hits="16" branch="false" />
                <line number="70" hits="16" branch="false" />
                <line number="71" hits="16" branch="false" />
              </lines>
            </method>
            <method name="get_EndY" signature="()" line-rate="1" branch-rate="1" complexity="1">
              <lines>
                <line number="76" hits="72" branch="false" />
              </lines>
            </method>
            <method name="set_EndY" signature="(...)" line-rate="1" branch-rate="1" complexity="2">
              <lines>
                <line number="78" hits="16" branch="false" />
                <line number="79" hits="16" branch="true" condition-coverage="100% (2/2)" />
                <line number="80" hits="16" branch="false" />
                <line number="81" hits="16" branch="false" />
                <line number="82" hits="16" branch="false" />
                <line number="83" hits="16" branch="false" />
                <line number="84" hits="16" branch="false" />
                <line number="85" hits="16" branch="false" />
                <line number="86" hits="16" branch="false" />
                <line number="87" hits="16" branch="false" />
                <line number="88" hits="16" branch="false" />
                <line number="89" hits="16" branch="false" />
                <line number="90" hits="16" branch="false" />
              </lines>
            </method>
            <method name="OnCoordinateChanged" signature="()" line-rate="1" branch-rate="1" complexity="1">
              <lines>
                <line number="94" hits="64" branch="false" />
                <line number="95" hits="64" branch="false" />
                <line number="96" hits="64" branch="false" />
                <line number="97" hits="64" branch="false" />
                <line number="98" hits="64" branch="false" />
                <line number="99" hits="64" branch="false" />
                <line number="100" hits="64" branch="false" />
                <line number="101" hits="64" branch="false" />
                <line number="102" hits="64" branch="false" />
                <line number="103" hits="64" branch="false" />
                <line number="104" hits="64" branch="false" />
                <line number="105" hits="64" branch="false" />
              </lines>
            </method>
            <method name="get_MidX" signature="()" line-rate="1" branch-rate="1" complexity="1">
              <lines>
                <line number="107" hits="6" branch="false" />
              </lines>
            </method>
            <method name="get_MidY" signature="()" line-rate="1" branch-rate="1" complexity="1">
              <lines>
                <line number="108" hits="6" branch="false" />
              </lines>
            </method>
            <method name="get_Stroke" signature="()" line-rate="1" branch-rate="1" complexity="1">
              <lines>
                <line number="111" hits="6" branch="false" />
              </lines>
            </method>
            <method name="get_Left" signature="()" line-rate="1" branch-rate="1" complexity="1">
              <lines>
                <line number="113" hits="18" branch="false" />
              </lines>
            </method>
            <method name="get_Top" signature="()" line-rate="1" branch-rate="1" complexity="1">
              <lines>
                <line number="114" hits="24" branch="false" />
              </lines>
            </method>
            <method name="get_Width" signature="()" line-rate="1" branch-rate="1" complexity="1">
              <lines>
                <line number="115" hits="6" branch="false" />
              </lines>
            </method>
            <method name="get_Height" signature="()" line-rate="1" branch-rate="1" complexity="1">
              <lines>
                <line number="116" hits="24" branch="false" />
              </lines>
            </method>
            <method name="get_HandleSize" signature="()" line-rate="1" branch-rate="1" complexity="1">
              <lines>
                <line number="118" hits="102" branch="false" />
              </lines>
            </method>
            <method name="get_StartHandleX" signature="()" line-rate="1" branch-rate="1" complexity="1">
              <lines>
                <line number="121" hits="6" branch="false" />
              </lines>
            </method>
            <method name="get_StartHandleY" signature="()" line-rate="1" branch-rate="1" complexity="1">
              <lines>
                <line number="122" hits="6" branch="false" />
              </lines>
            </method>
            <method name="get_EndHandleX" signature="()" line-rate="1" branch-rate="1" complexity="1">
              <lines>
                <line number="123" hits="6" branch="false" />
              </lines>
            </method>
            <method name="get_EndHandleY" signature="()" line-rate="1" branch-rate="1" complexity="1">
              <lines>
                <line number="124" hits="6" branch="false" />
              </lines>
            </method>
            <method name="get_RelativeStartX" signature="()" line-rate="1" branch-rate="1" complexity="1">
              <lines>
                <line number="126" hits="6" branch="false" />
              </lines>
            </method>
            <method name="get_RelativeStartY" signature="()" line-rate="1" branch-rate="1" complexity="1">
              <lines>
                <line number="127" hits="6" branch="false" />
              </lines>
            </method>
            <method name="get_RelativeEndX" signature="()" line-rate="1" branch-rate="1" complexity="1">
              <lines>
                <line number="128" hits="6" branch="false" />
              </lines>
            </method>
            <method name="get_RelativeEndY" signature="()" line-rate="1" branch-rate="1" complexity="1">
              <lines>
                <line number="129" hits="6" branch="false" />
              </lines>
            </method>
            <method name="get_Bottomleft" signature="()" line-rate="1" branch-rate="1" complexity="1">
              <lines>
                <line number="131" hits="6" branch="false" />
              </lines>
            </method>
            <method name="GetBounds" signature="()" line-rate="0" branch-rate="1" complexity="1">
              <lines>
                <line number="135" hits="0" branch="false" />
                <line number="137" hits="0" branch="false" />
                <line number="138" hits="0" branch="false" />
              </lines>
            </method>
            <method name="Clone" signature="()" line-rate="0" branch-rate="1" complexity="1">
              <lines>
                <line number="141" hits="0" branch="false" />
                <line number="142" hits="0" branch="false" />
                <line number="143" hits="0" branch="false" />
                <line number="144" hits="0" branch="false" />
                <line number="145" hits="0" branch="false" />
                <line number="146" hits="0" branch="false" />
                <line number="147" hits="0" branch="false" />
                <line number="148" hits="0" branch="false" />
                <line number="149" hits="0" branch="false" />
                <line number="150" hits="0" branch="false" />
                <line number="151" hits="0" branch="false" />
                <line number="152" hits="0" branch="false" />
                <line number="153" hits="0" branch="false" />
                <line number="154" hits="0" branch="false" />
                <line number="155" hits="0" branch="false" />
                <line number="156" hits="0" branch="false" />
              </lines>
            </method>
          </methods>
          <lines>
            <line number="9" hits="6" branch="false" />
            <line number="18" hits="48" branch="false" />
            <line number="20" hits="16" branch="false" />
            <line number="21" hits="16" branch="true" condition-coverage="100% (2/2)" />
            <line number="22" hits="16" branch="false" />
            <line number="23" hits="16" branch="false" />
            <line number="24" hits="16" branch="false" />
            <line number="25" hits="16" branch="false" />
            <line number="26" hits="16" branch="false" />
            <line number="27" hits="16" branch="false" />
            <line number="28" hits="16" branch="false" />
            <line number="30" hits="16" branch="false" />
            <line number="31" hits="16" branch="false" />
            <line number="32" hits="16" branch="false" />
            <line number="33" hits="16" branch="false" />
            <line number="38" hits="72" branch="false" />
            <line number="40" hits="16" branch="false" />
            <line number="41" hits="16" branch="true" condition-coverage="100% (2/2)" />
            <line number="42" hits="16" branch="false" />
            <line number="43" hits="16" branch="false" />
            <line number="44" hits="16" branch="false" />
            <line number="45" hits="16" branch="false" />
            <line number="46" hits="16" branch="false" />
            <line number="47" hits="16" branch="false" />
            <line number="48" hits="16" branch="false" />
            <line number="49" hits="16" branch="false" />
            <line number="50" hits="16" branch="false" />
            <line number="51" hits="16" branch="false" />
            <line number="52" hits="16" branch="false" />
            <line number="57" hits="48" branch="false" />
            <line number="59" hits="16" branch="false" />
            <line number="60" hits="16" branch="true" condition-coverage="100% (2/2)" />
            <line number="61" hits="16" branch="false" />
            <line number="62" hits="16" branch="false" />
            <line number="63" hits="16" branch="false" />
            <line number="64" hits="16" branch="false" />
            <line number="65" hits="16" branch="false" />
            <line number="66" hits="16" branch="false" />
            <line number="67" hits="16" branch="false" />
            <line number="68" hits="16" branch="false" />
            <line number="69" hits="16" branch="false" />
            <line number="70" hits="16" branch="false" />
            <line number="71" hits="16" branch="false" />
            <line number="76" hits="72" branch="false" />
            <line number="78" hits="16" branch="false" />
            <line number="79" hits="16" branch="true" condition-coverage="100% (2/2)" />
            <line number="80" hits="16" branch="false" />
            <line number="81" hits="16" branch="false" />
            <line number="82" hits="16" branch="false" />
            <line number="83" hits="16" branch="false" />
            <line number="84" hits="16" branch="false" />
            <line number="85" hits="16" branch="false" />
            <line number="86" hits="16" branch="false" />
            <line number="87" hits="16" branch="false" />
            <line number="88" hits="16" branch="false" />
            <line number="89" hits="16" branch="false" />
            <line number="90" hits="16" branch="false" />
            <line number="94" hits="64" branch="false" />
            <line number="95" hits="64" branch="false" />
            <line number="96" hits="64" branch="false" />
            <line number="97" hits="64" branch="false" />
            <line number="98" hits="64" branch="false" />
            <line number="99" hits="64" branch="false" />
            <line number="100" hits="64" branch="false" />
            <line number="101" hits="64" branch="false" />
            <line number="102" hits="64" branch="false" />
            <line number="103" hits="64" branch="false" />
            <line number="104" hits="64" branch="false" />
            <line number="105" hits="64" branch="false" />
            <line number="107" hits="6" branch="false" />
            <line number="108" hits="6" branch="false" />
            <line number="111" hits="6" branch="false" />
            <line number="113" hits="18" branch="false" />
            <line number="114" hits="24" branch="false" />
            <line number="115" hits="6" branch="false" />
            <line number="116" hits="24" branch="false" />
            <line number="118" hits="102" branch="false" />
            <line number="121" hits="6" branch="false" />
            <line number="122" hits="6" branch="false" />
            <line number="123" hits="6" branch="false" />
            <line number="124" hits="6" branch="false" />
            <line number="126" hits="6" branch="false" />
            <line number="127" hits="6" branch="false" />
            <line number="128" hits="6" branch="false" />
            <line number="129" hits="6" branch="false" />
            <line number="131" hits="6" branch="false" />
            <line number="135" hits="0" branch="false" />
            <line number="137" hits="0" branch="false" />
            <line number="138" hits="0" branch="false" />
            <line number="141" hits="0" branch="false" />
            <line number="142" hits="0" branch="false" />
            <line number="143" hits="0" branch="false" />
            <line number="144" hits="0" branch="false" />
            <line number="145" hits="0" branch="false" />
            <line number="146" hits="0" branch="false" />
            <line number="147" hits="0" branch="false" />
            <line number="148" hits="0" branch="false" />
            <line number="149" hits="0" branch="false" />
            <line number="150" hits="0" branch="false" />
            <line number="151" hits="0" branch="false" />
            <line number="152" hits="0" branch="false" />
            <line number="153" hits="0" branch="false" />
            <line number="154" hits="0" branch="false" />
            <line number="155" hits="0" branch="false" />
            <line number="156" hits="0" branch="false" />
          </lines>
        </class>
        <class name="WhiteboardGUI.Models.ScribbleShape" filename="D:\likhit_to_main\WhiteboardGUI\Models\ScribbleShape.cs" line-rate="0.568965517241379" branch-rate="0.5" complexity="20">
          <methods>
            <method name="get_ShapeType" signature="()" line-rate="1" branch-rate="1" complexity="1">
              <lines>
[...]
                <line number="283" hits="0" branch="false" />
                <line number="284" hits="0" branch="false" />
                <line number="285" hits="0" branch="false" />
                <line number="286" hits="0" branch="false" />
                <line number="287" hits="0" branch="false" />
                <line number="290" hits="0" branch="false" />
                <line number="291" hits="0" branch="false" />
                <line number="292" hits="0" branch="false" />
                <line number="293" hits="0" branch="false" />
                <line number="295" hits="0" branch="true" condition-coverage="0% (0/4)" />
                <line number="296" hits="0" branch="false" />
                <line number="297" hits="0" branch="false" />
                <line number="298" hits="0" branch="false" />
                <line number="299" hits="0" branch="false" />
                <line number="300" hits="0" branch="false" />
                <line number="301" hits="0" branch="false" />
                <line number="302" hits="0" branch="false" />
                <line number="305" hits="0" branch="false" />
                <line number="306" hits="0" branch="false" />
                <line number="307" hits="0" branch="false" />
                <line number="308" hits="0" branch="false" />
                <line number="310" hits="0" branch="true" condition-coverage="0% (0/4)" />
                <line number="311" hits="0" branch="false" />
                <line number="312" hits="0" branch="false" />
                <line number="313" hits="0" branch="false" />
                <line number="314" hits="0" branch="false" />
                <line number="315" hits="0" branch="false" />
                <line number="316" hits="0" branch="false" />
                <line number="317" hits="0" branch="false" />
                <line number="320" hits="0" branch="false" />
                <line number="321" hits="0" branch="false" />
                <line number="322" hits="0" branch="false" />
                <line number="324" hits="0" branch="true" condition-coverage="0% (0/4)" />
                <line number="325" hits="0" branch="false" />
                <line number="326" hits="0" branch="false" />
                <line number="327" hits="0" branch="false" />
                <line number="328" hits="0" branch="false" />
                <line number="329" hits="0" branch="false" />
                <line number="330" hits="0" branch="false" />
                <line number="331" hits="0" branch="false" />
                <line number="334" hits="0" branch="false" />
                <line number="336" hits="0" branch="false" />
              </lines>
            </method>
            <method name="Shape_MouseRightButtonDown" signature="(...)" line-rate="0" branch-rate="0" complexity="4">
              <lines>
                <line number="339" hits="0" branch="false" />
                <line number="341" hits="0" branch="false" />
                <line number="344" hits="0" branch="true" condition-coverage="0% (0/2)" />
                <line number="345" hits="0" branch="false" />
                <line number="348" hits="0" branch="false" />
                <line number="349" hits="0" branch="false" />
                <line number="352" hits="0" branch="true" condition-coverage="0% (0/2)" />
                <line number="353" hits="0" branch="false" />
                <line number="356" hits="0" branch="false" />
                <line number="358" hits="0" branch="false" />
                <line number="359" hits="0" branch="false" />
                <line number="360" hits="0" branch="false" />
                <line number="362" hits="0" branch="false" />
                <line number="363" hits="0" branch="false" />
                <line number="364" hits="0" branch="false" />
                <line number="366" hits="0" branch="false" />
                <line number="367" hits="0" branch="false" />
                <line number="370" hits="0" branch="false" />
                <line number="373" hits="0" branch="false" />
                <line number="376" hits="0" branch="false" />
                <line number="377" hits="0" branch="false" />
              </lines>
            </method>
            <method name=".ctor" signature="()" line-rate="0" branch-rate="1" complexity="1">
              <lines>
                <line number="22" hits="0" branch="false" />
                <line number="26" hits="0" branch="false" />
                <line number="27" hits="0" branch="false" />
                <line number="28" hits="0" branch="false" />
                <line number="29" hits="0" branch="false" />
              </lines>
            </method>
          </methods>
          <lines>
            <line number="14" hits="0" branch="false" />
            <line number="22" hits="0" branch="false" />
            <line number="26" hits="0" branch="false" />
            <line number="27" hits="0" branch="false" />
            <line number="28" hits="0" branch="false" />
            <line number="29" hits="0" branch="false" />
            <line number="32" hits="0" branch="false" />
            <line number="33" hits="0" branch="true" condition-coverage="0% (0/2)" />
            <line number="34" hits="0" branch="false" />
            <line number="37" hits="0" branch="false" />
            <line number="38" hits="0" branch="true" condition-coverage="0% (0/2)" />
            <line number="39" hits="0" branch="false" />
            <line number="42" hits="0" branch="false" />
            <line number="43" hits="0" branch="true" condition-coverage="0% (0/2)" />
            <line number="44" hits="0" branch="false" />
            <line number="47" hits="0" branch="false" />
            <line number="48" hits="0" branch="true" condition-coverage="0% (0/2)" />
            <line number="49" hits="0" branch="false" />
            <line number="52" hits="0" branch="false" />
            <line number="53" hits="0" branch="false" />
            <line number="54" hits="0" branch="false" />
            <line number="57" hits="0" branch="false" />
            <line number="58" hits="0" branch="false" />
            <line number="59" hits="0" branch="false" />
            <line number="62" hits="0" branch="false" />
            <line number="63" hits="0" branch="false" />
            <line number="64" hits="0" branch="false" />
            <line number="67" hits="0" branch="false" />
            <line number="68" hits="0" branch="false" />
            <line number="69" hits="0" branch="false" />
            <line number="70" hits="0" branch="false" />
            <line number="73" hits="0" branch="false" />
            <line number="74" hits="0" branch="false" />
            <line number="75" hits="0" branch="true" condition-coverage="0% (0/2)" />
            <line number="76" hits="0" branch="false" />
            <line number="77" hits="0" branch="false" />
            <line number="78" hits="0" branch="false" />
            <line number="79" hits="0" branch="true" condition-coverage="0% (0/2)" />
            <line number="80" hits="0" branch="false" />
            <line number="81" hits="0" branch="false" />
            <line number="82" hits="0" branch="false" />
            <line number="85" hits="0" branch="false" />
            <line number="86" hits="0" branch="true" condition-coverage="0% (0/2)" />
            <line number="87" hits="0" branch="false" />
            <line number="88" hits="0" branch="false" />
            <line number="89" hits="0" branch="false" />
            <line number="91" hits="0" branch="false" />
            <line number="92" hits="0" branch="false" />
            <line number="93" hits="0" branch="false" />
            <line number="94" hits="0" branch="false" />
            <line number="97" hits="0" branch="false" />
            <line number="98" hits="0" branch="true" condition-coverage="0% (0/4)" />
            <line number="99" hits="0" branch="false" />
            <line number="100" hits="0" branch="false" />
            <line number="101" hits="0" branch="false" />
            <line number="102" hits="0" branch="false" />
            <line number="105" hits="0" branch="true" condition-coverage="0% (0/2)" />
            <line number="106" hits="0" branch="false" />
            <line number="107" hits="0" branch="false" />
            <line number="108" hits="0" branch="false" />
            <line number="110" hits="0" branch="false" />
            <line number="111" hits="0" branch="false" />
            <line number="112" hits="0" branch="false" />
            <line number="115" hits="0" branch="false" />
            <line number="116" hits="0" branch="true" condition-coverage="0% (0/2)" />
            <line number="117" hits="0" branch="false" />
            <line number="118" hits="0" branch="false" />
            <line number="119" hits="0" branch="false" />
            <line number="120" hits="0" branch="true" condition-coverage="0% (0/2)" />
            <line number="121" hits="0" branch="false" />
            <line number="122" hits="0" branch="false" />
            <line number="123" hits="0" branch="false" />
            <line number="124" hits="0" branch="false" />
            <line number="125" hits="0" branch="false" />
            <line number="126" hits="0" branch="false" />
            <line number="127" hits="0" branch="false" />
            <line number="128" hits="0" branch="false" />
            <line number="129" hits="0" branch="false" />
            <line number="130" hits="0" branch="false" />
            <line number="133" hits="0" branch="false" />
            <line number="134" hits="0" branch="true" condition-coverage="0% (0/2)" />
            <line number="135" hits="0" branch="false" />
            <line number="136" hits="0" branch="false" />
            <line number="137" hits="0" branch="false" />
            <line number="138" hits="0" branch="true" condition-coverage="0% (0/2)" />
            <line number="139" hits="0" branch="false" />
            <line number="140" hits="0" branch="false" />
            <line number="141" hits="0" branch="false" />
            <line number="142" hits="0" branch="false" />
            <line number="143" hits="0" branch="true" condition-coverage="0% (0/2)" />
            <line number="144" hits="0" branch="false" />
            <line number="145" hits="0" branch="false" />
            <line number="147" hits="0" branch="false" />
            <line number="149" hits="0" branch="false" />
            <line number="152" hits="0" branch="false" />
            <line number="153" hits="0" branch="true" condition-coverage="0% (0/2)" />
            <line number="154" hits="0" branch="false" />
            <line number="155" hits="0" branch="false" />
            <line number="156" hits="0" branch="false" />
            <line number="157" hits="0" branch="false" />
            <line number="158" hits="0" branch="true" condition-coverage="0% (0/2)" />
            <line number="159" hits="0" branch="false" />
            <line number="160" hits="0" branch="false" />
            <line number="161" hits="0" branch="false" />
            <line number="162" hits="0" branch="false" />
            <line number="163" hits="0" branch="false" />
            <line number="172" hits="0" branch="false" />
            <line number="173" hits="0" branch="true" condition-coverage="0% (0/4)" />
            <line number="174" hits="0" branch="false" />
            <line number="176" hits="0" branch="false" />
            <line number="177" hits="0" branch="false" />
            <line number="179" hits="0" branch="false" />
            <line number="180" hits="0" branch="false" />
            <line number="181" hits="0" branch="false" />
            <line number="182" hits="0" branch="false" />
            <line number="185" hits="0" branch="true" condition-coverage="0% (0/8)" />
            <line number="188" hits="0" branch="false" />
            <line number="189" hits="0" branch="false" />
            <line number="190" hits="0" branch="false" />
            <line number="191" hits="0" branch="false" />
            <line number="192" hits="0" branch="false" />
            <line number="194" hits="0" branch="false" />
            <line number="195" hits="0" branch="false" />
            <line number="196" hits="0" branch="false" />
            <line number="197" hits="0" branch="false" />
            <line number="199" hits="0" branch="false" />
            <line number="200" hits="0" branch="false" />
            <line number="201" hits="0" branch="false" />
            <line number="202" hits="0" branch="false" />
            <line number="204" hits="0" branch="false" />
            <line number="205" hits="0" branch="false" />
            <line number="206" hits="0" branch="false" />
            <line number="208" hits="0" branch="false" />
            <line number="212" hits="0" branch="true" condition-coverage="0% (0/2)" />
            <line number="213" hits="0" branch="false" />
            <line number="214" hits="0" branch="true" condition-coverage="0% (0/4)" />
            <line number="215" hits="0" branch="false" />
            <line number="216" hits="0" branch="false" />
            <line number="217" hits="0" branch="false" />
            <line number="218" hits="0" branch="false" />
            <line number="219" hits="0" branch="false" />
            <line number="221" hits="0" branch="true" condition-coverage="0% (0/2)" />
            <line number="222" hits="0" branch="false" />
            <line number="223" hits="0" branch="true" condition-coverage="0% (0/4)" />
            <line number="224" hits="0" branch="false" />
            <line number="225" hits="0" branch="false" />
            <line number="226" hits="0" branch="false" />
            <line number="227" hits="0" branch="false" />
            <line number="228" hits="0" branch="false" />
            <line number="232" hits="0" branch="true" condition-coverage="0% (0/8)" />
            <line number="235" hits="0" branch="false" />
            <line number="236" hits="0" branch="false" />
            <line number="238" hits="0" branch="false" />
            <line number="239" hits="0" branch="false" />
            <line number="241" hits="0" branch="false" />
            <line number="242" hits="0" branch="false" />
            <line number="244" hits="0" branch="false" />
            <line number="245" hits="0" branch="false" />
            <line number="247" hits="0" branch="false" />
            <line number="248" hits="0" branch="false" />
            <line number="252" hits="0" branch="true" condition-coverage="0% (0/2)" />
            <line number="253" hits="0" branch="true" condition-coverage="0% (0/2)" />
            <line number="256" hits="0" branch="false" />
            <line number="257" hits="0" branch="true" condition-coverage="0% (0/2)" />
            <line number="258" hits="0" branch="false" />
            <line number="259" hits="0" branch="false" />
            <line number="260" hits="0" branch="false" />
            <line number="261" hits="0" branch="false" />
            <line number="262" hits="0" branch="false" />
            <line number="265" hits="0" branch="false" />
            <line number="266" hits="0" branch="false" />
            <line number="268" hits="0" branch="false" />
            <line number="269" hits="0" branch="false" />
            <line number="271" hits="0" branch="true" condition-coverage="0% (0/8)" />
            <line number="274" hits="0" branch="false" />
            <line number="275" hits="0" branch="false" />
            <line number="276" hits="0" branch="false" />
            <line number="277" hits="0" branch="false" />
            <line number="278" hits="0" branch="false" />
            <line number="280" hits="0" branch="true" condition-coverage="0% (0/4)" />
            <line number="281" hits="0" branch="false" />
            <line number="282" hits="0" branch="false" />
            <line number="283" hits="0" branch="false" />
            <line number="284" hits="0" branch="false" />
            <line number="285" hits="0" branch="false" />
            <line number="286" hits="0" branch="false" />
            <line number="287" hits="0" branch="false" />
            <line number="290" hits="0" branch="false" />
            <line number="291" hits="0" branch="false" />
            <line number="292" hits="0" branch="false" />
            <line number="293" hits="0" branch="false" />
            <line number="295" hits="0" branch="true" condition-coverage="0% (0/4)" />
            <line number="296" hits="0" branch="false" />
            <line number="297" hits="0" branch="false" />
            <line number="298" hits="0" branch="false" />
            <line number="299" hits="0" branch="false" />
            <line number="300" hits="0" branch="false" />
            <line number="301" hits="0" branch="false" />
            <line number="302" hits="0" branch="false" />
            <line number="305" hits="0" branch="false" />
            <line number="306" hits="0" branch="false" />
            <line number="307" hits="0" branch="false" />
            <line number="308" hits="0" branch="false" />
            <line number="310" hits="0" branch="true" condition-coverage="0% (0/4)" />
            <line number="311" hits="0" branch="false" />
            <line number="312" hits="0" branch="false" />
            <line number="313" hits="0" branch="false" />
            <line number="314" hits="0" branch="false" />
            <line number="315" hits="0" branch="false" />
            <line number="316" hits="0" branch="false" />
            <line number="317" hits="0" branch="false" />
            <line number="320" hits="0" branch="false" />
            <line number="321" hits="0" branch="false" />
            <line number="322" hits="0" branch="false" />
            <line number="324" hits="0" branch="true" condition-coverage="0% (0/4)" />
            <line number="325" hits="0" branch="false" />
            <line number="326" hits="0" branch="false" />
            <line number="327" hits="0" branch="false" />
            <line number="328" hits="0" branch="false" />
            <line number="329" hits="0" branch="false" />
            <line number="330" hits="0" branch="false" />
            <line number="331" hits="0" branch="false" />
            <line number="334" hits="0" branch="false" />
            <line number="336" hits="0" branch="false" />
            <line number="339" hits="0" branch="false" />
            <line number="341" hits="0" branch="false" />
            <line number="344" hits="0" branch="true" condition-coverage="0% (0/2)" />
            <line number="345" hits="0" branch="false" />
            <line number="348" hits="0" branch="false" />
            <line number="349" hits="0" branch="false" />
            <line number="352" hits="0" branch="true" condition-coverage="0% (0/2)" />
            <line number="353" hits="0" branch="false" />
            <line number="356" hits="0" branch="false" />
            <line number="358" hits="0" branch="false" />
            <line number="359" hits="0" branch="false" />
            <line number="360" hits="0" branch="false" />
            <line number="362" hits="0" branch="false" />
            <line number="363" hits="0" branch="false" />
            <line number="364" hits="0" branch="false" />
            <line number="366" hits="0" branch="false" />
            <line number="367" hits="0" branch="false" />
            <line number="370" hits="0" branch="false" />
            <line number="373" hits="0" branch="false" />
            <line number="376" hits="0" branch="false" />
            <line number="377" hits="0" branch="false" />
          </lines>
        </class>
      </classes>
    </package>
  </packages>
</coverage>